<?xml version="1.0" encoding="UTF-8"?>
<!-- Generated by org.testng.reporters.JUnitReportReporter -->
<testsuite skipped="0" hostname="abhinandan_patil" name="com.crm.qa.testcases.HomePageTest" tests="3" failures="0" timestamp="2021-05-10T13:31:19 IST" time="42.790" errors="0">
  <testcase name="verifyHomePageTitle" time="14.293" classname="com.crm.qa.testcases.HomePageTest"/>
  <system-out/>
  <testcase name="verifyUserNameTest" time="14.216" classname="com.crm.qa.testcases.HomePageTest"/>
  <system-out/>
  <testcase name="verifyContactslinkTest" time="14.281" classname="com.crm.qa.testcases.HomePageTest"/>
  <system-out/>
</testsuite> <!-- com.crm.qa.testcases.HomePageTest -->
