<?xml version="1.0" encoding="UTF-8"?>
<!-- Generated by org.testng.reporters.JUnitReportReporter -->
<testsuite skipped="0" hostname="abhinandan_patil" name="com.crm.qa.util.HomePageTest" tests="3" failures="0" timestamp="2021-05-04T11:33:58 IST" time="50.265" errors="0">
  <testcase name="verifyHomePageTitle" time="13.396" classname="com.crm.qa.util.HomePageTest"/>
  <system-out/>
  <testcase name="verifyUserNameTest" time="18.749" classname="com.crm.qa.util.HomePageTest"/>
  <system-out/>
  <testcase name="verifyContactslinkTest" time="18.120" classname="com.crm.qa.util.HomePageTest"/>
  <system-out/>
</testsuite> <!-- com.crm.qa.util.HomePageTest -->
