<?xml version="1.0" encoding="UTF-8"?>
<!-- Generated by org.testng.reporters.JUnitReportReporter -->
<testsuite skipped="0" hostname="abhinandan_patil" name="com.crm.qa.testcases.LoginPageTest" tests="2" failures="0" timestamp="2021-05-10T18:44:23 IST" time="20.104" errors="0">
  <testcase name="loginPageTitleTest" time="5.582" classname="com.crm.qa.testcases.LoginPageTest"/>
  <system-out/>
  <testcase name="LoginTest" time="14.522" classname="com.crm.qa.testcases.LoginPageTest"/>
  <system-out/>
</testsuite> <!-- com.crm.qa.testcases.LoginPageTest -->
