<?xml version="1.0" encoding="UTF-8"?>
<!-- Generated by org.testng.reporters.JUnitReportReporter -->
<testsuite skipped="0" hostname="abhinandan_patil" name="com.crm.qa.testcases.HomePageTest" tests="3" failures="0" timestamp="2021-05-10T18:44:23 IST" time="47.440" errors="0">
  <testcase name="verifyHomePageTitle" time="12.645" classname="com.crm.qa.testcases.HomePageTest"/>
  <system-out/>
  <testcase name="verifyUserNameTest" time="17.730" classname="com.crm.qa.testcases.HomePageTest"/>
  <system-out/>
  <testcase name="verifyContactslinkTest" time="17.065" classname="com.crm.qa.testcases.HomePageTest"/>
  <system-out/>
</testsuite> <!-- com.crm.qa.testcases.HomePageTest -->
