<?xml version="1.0" encoding="UTF-8"?>
<!-- Generated by org.testng.reporters.JUnitReportReporter -->
<testsuite skipped="0" hostname="abhinandan_patil" name="com.crm.qa.testcases.LoginPageTest" tests="2" failures="0" timestamp="2021-05-11T17:21:23 IST" time="20.575" errors="0">
  <testcase name="loginPageTitleTest" time="6.498" classname="com.crm.qa.testcases.LoginPageTest"/>
  <system-out/>
  <testcase name="LoginTest" time="14.077" classname="com.crm.qa.testcases.LoginPageTest"/>
  <system-out/>
</testsuite> <!-- com.crm.qa.testcases.LoginPageTest -->
